1.66, 2345
20.04, 2344
38.44, 2343
56.81, 2342
75.16, 2341
93.52, 2340
111.9, 2339
130.28, 2338
1.66, 2345
20.06, 2344
38.51, 2343
56.93, 2342
75.36, 2341
93.79, 2340
112.25, 2339
130.72, 2338
149.19, 2337
167.65, 2336
1.66, 2345
21.04, 2344
40.41, 2343
59.78, 2342
79.17, 2341
98.55, 2340
117.93, 2339
137.31, 2338
156.68, 2337
1.65, 2345
20.05, 2344
38.42, 2343
56.79, 2342
75.14, 2341
93.51, 2340
111.89, 2339
130.29, 2338
148.69, 2337
167.09, 2336
185.5, 2335
203.92, 2334
222.35, 2333
1.65, 2345
20.05, 2344
38.44, 2343
56.78, 2342
75.13, 2341
93.47, 2340
111.84, 2339
1.67, 2345
20.04, 2344
38.42, 2343
1.65, 2345
20.01, 2344
38.39, 2343
1.64, 2345
20.17, 2344
38.69, 2343
57.22, 2342
1.79, 2345
1.71, 2345
20.03, 2344
38.33, 2343
1.69, 2345
20.02, 2344
38.34, 2343
56.65, 2342
74.94, 2341
93.24, 2340
111.54, 2339
129.86, 2338
148.16, 2337