1.086676, 2345
48.578103, 2344
78.400593, 2343
84.605714, 2342
85.975792, 2341
135.981729, 2340
148.382274, 2339
160.555393, 2338
182.200364, 2337
205.956485, 2336
222.259611, 2335
228.666036, 2334
238.054362, 2333
303.450863, 2332
1.127681, 2345
1.132522, 2345
8.948105, 2344
14.611942, 2343
25.581982, 2342
44.458673, 2341
50.700394, 2340
112.211508, 2339
130.014723, 2338
1.060377, 2345
9.973203, 2344
26.319835, 2343
150.969427, 2333
158.033735, 2332
178.407833, 2331
181.833646, 2330
188.541536, 2329
190.788348, 2328
200.970363, 2327
201.526843, 2326
1.058778, 2345
1.090742, 2345
6.559352, 2344
9.402237, 2343
26.303678, 2342
1.143403, 2345
1.087228, 2345
37.878198, 2344
48.77711, 2343
49.89899, 2342
53.843943, 2341
70.812476, 2340
77.61039, 2339
1.085642, 2345
6.057367, 2344
16.193246, 2343
58.013577, 2342
59.142749, 2341
65.352735, 2340
76.079221, 2339
86.90409, 2338
90.273349, 2337
1.091024, 2345
1.150059, 2345
7.807222, 2344
28.77405, 2343
32.722715, 2342
56.612268, 2341
72.012621, 2340